{"C:\\Users\\luis_\\generation\\ch-abriendopuertas\\14-testing\\operaciones.js": {"path":"C:\\Users\\luis_\\generation\\ch-abriendopuertas\\14-testing\\operaciones.js","statementMap":{"0":{"start":{"line":2,"column":4},"end":{"line":2,"column":17}},"1":{"start":{"line":6,"column":4},"end":{"line":6,"column":17}},"2":{"start":{"line":10,"column":4},"end":{"line":10,"column":17}},"3":{"start":{"line":14,"column":4},"end":{"line":14,"column":17}},"4":{"start":{"line":18,"column":4},"end":{"line":18,"column":17}},"5":{"start":{"line":21,"column":0},"end":{"line":27,"column":1}}},"fnMap":{"0":{"name":"sumar","decl":{"start":{"line":1,"column":9},"end":{"line":1,"column":14}},"loc":{"start":{"line":1,"column":22},"end":{"line":3,"column":1}},"line":1},"1":{"name":"restar","decl":{"start":{"line":5,"column":9},"end":{"line":5,"column":15}},"loc":{"start":{"line":5,"column":23},"end":{"line":7,"column":1}},"line":5},"2":{"name":"multiplicar","decl":{"start":{"line":9,"column":9},"end":{"line":9,"column":20}},"loc":{"start":{"line":9,"column":28},"end":{"line":11,"column":1}},"line":9},"3":{"name":"dividir","decl":{"start":{"line":13,"column":9},"end":{"line":13,"column":16}},"loc":{"start":{"line":13,"column":24},"end":{"line":15,"column":1}},"line":13},"4":{"name":"residuo","decl":{"start":{"line":17,"column":9},"end":{"line":17,"column":16}},"loc":{"start":{"line":17,"column":24},"end":{"line":19,"column":1}},"line":17}},"branchMap":{},"s":{"0":2,"1":4,"2":4,"3":4,"4":3,"5":1},"f":{"0":2,"1":4,"2":4,"3":4,"4":3},"b":{},"_coverageSchema":"1a1c01bbd47fc00a2c39e90264f33305004495a9","hash":"b5ae66ee23917c43a3b16f45adfb4899bec12916"}
}
